#
# A fatal error has been detected by the Java Runtime Environment:
#
#  EXCEPTION_ACCESS_VIOLATION (0xc0000005) at pc=0x7c9eaf84, pid=252, tid=2652
#
# JRE version: 6.0_31-b05
# Java VM: Java HotSpot(TM) Client VM (20.6-b01 mixed mode windows-x86 )
# Problematic frame:
# C  [shell32.dll+0x2af84]
#
# If you would like to submit a bug report, please visit:
#   http://java.sun.com/webapps/bugreport/crash.jsp
# The crash happened outside the Java Virtual Machine in native code.
# See problematic frame for where to report the bug.
#

---------------  T H R E A D  ---------------

Current thread (0x16facc00):  JavaThread "AWT-Windows" daemon [_thread_in_native, id=2652, stack(0x173e0000,0x17430000)]

siginfo: ExceptionCode=0xc0000005, reading address 0x00112c90

Registers:
EAX=0x0000a052, EBX=0x00000000, ECX=0x00112c90, EDX=0x00000000
ESP=0x1742d2e0, EBP=0x1742d2e4, ESI=0x00000001, EDI=0x1742d3a0
EIP=0x7c9eaf84, EFLAGS=0x00010246

Top of Stack: (sp=0x1742d2e0)
0x1742d2e0:   1742d398 1742d2f4 7c9eaf5f 00108c40
0x1742d2f0:   00000000 1742d30c 7c9f7101 00108c40
0x1742d300:   1742d3a0 1742d398 00000000 1742d348
0x1742d310:   7c9f7093 00000000 00040228 000004a0